Spread action called for published post:
 - Unspread post, check the date.
 - New post, passed time checks, allowed to make an API call.
 - Added categories: Informações
Spread action called for published post:
 - Unspread post, check the date.
 - New post, passed time checks, allowed to make an API call.
 - Added categories: Informações
Spread action called for published post:
 - Unspread post, check the date.
 - New post, passed time checks, allowed to make an API call.
 - Added categories: Informações
Spread action called for published post:
 - Unspread post, check the date.
 - New post, passed time checks, allowed to make an API call.
 - Added categories: Informações
Spread action called for published post:
 - Unspread post, check the date.
 - New post, passed time checks, allowed to make an API call.
 - Added categories: Informações
Spread action called for published post:
 - Unspread post, check the date.
 - New post, passed time checks, allowed to make an API call.
 - Added categories: Informações, Noticias
Spread action called for published post:
 - Unspread post, check the date.
 - New post, passed time checks, allowed to make an API call.
 - Added categories: Informações, Noticias
Spread action called for published post:
 - Unspread post, check the date.
 - New post, passed time checks, allowed to make an API call.
 - Added categories: Informações, Noticias
Spread action called for published post:
 - Unspread post, check the date.
 - New post, passed time checks, allowed to make an API call.
 - Added categories: Informações, Noticias
Spread action called for published post:
 - Unspread post, check the date.
 - Post 1082 too old, marked as already spread & exiting.

Spread action called for published post:
 - Post was spread already, exiting.

Spread action called for published post:
 - Post was spread already, exiting.

Spread action called for published post:
 - Post was spread already, exiting.

Spread action called for published post:
 - Post was spread already, exiting.

Spread action called for published post:
 - Post was spread already, exiting.

Spread action called for published post:
 - Post was spread already, exiting.

Spread action called for published post:
 - Unspread post, check the date.
 - New post, passed time checks, allowed to make an API call.
 - Added categories: Sem categoria
Spread action called for published post:
 - Unspread post, check the date.
 - New post, passed time checks, allowed to make an API call.
 - Added categories: Sem categoria
Spread action called for published post:
 - Unspread post, check the date.
 - New post, passed time checks, allowed to make an API call.
 - Added categories: Informações
Spread action called for published post:
 - Unspread post, check the date.
 - New post, passed time checks, allowed to make an API call.
 - Added categories: Informações
Spread action called for published post:
 - Unspread post, check the date.
 - New post, passed time checks, allowed to make an API call.
 - Added categories: Informações
Spread action called for published post:
 - Unspread post, check the date.
 - Post 1134 too old, marked as already spread & exiting.

